Jun 25, 2016 4:46:16 PM Server_Side.Server_DDO.Clinic_DDO_UDP_Listener run
INFO: Get request: 002
dr
Start a new thread to handle this.
Jun 25, 2016 4:46:16 PM Server_Side.Server_DDO.Clinic_DDO_UDP_Listener$Connection <init>
INFO: Request code: 002, Search HashMap, SearchType: dr
Jun 25, 2016 4:47:05 PM Server_Side.Server_DDO.Clinic_DDO_UDP_Listener run
INFO: Get request: 002
dr
Start a new thread to handle this.
Jun 25, 2016 4:47:05 PM Server_Side.Server_DDO.Clinic_DDO_UDP_Listener$Connection <init>
INFO: Request code: 002, Search HashMap, SearchType: dr
Jun 25, 2016 4:47:44 PM Server_Side.Server_DDO.Clinic_DDO_UDP_Listener run
INFO: Get request: 002
dr
Start a new thread to handle this.
Jun 25, 2016 4:47:44 PM Server_Side.Server_DDO.Clinic_DDO_UDP_Listener$Connection <init>
INFO: Request code: 002, Search HashMap, SearchType: dr
Jul 05, 2016 9:15:37 PM Server_Side.Server_DDO.Clinic_DDO_UDP_Listener run
INFO: Get request: 002
dr
Start a new thread to handle this.
Jul 05, 2016 9:15:37 PM Server_Side.Server_DDO.Clinic_DDO_UDP_Listener$Connection <init>
INFO: Request code: 002, Search HashMap, SearchType: dr
Jul 05, 2016 9:17:27 PM Server_Side.Server_DDO.Clinic_DDO_UDP_Listener run
INFO: Get request: 002
dr
Start a new thread to handle this.
Jul 05, 2016 9:17:27 PM Server_Side.Server_DDO.Clinic_DDO_UDP_Listener$Connection <init>
INFO: Request code: 002, Search HashMap, SearchType: dr
