Jun 16, 2016 4:47:06 PM Client_Side.ManagerClients main
INFO: ManagerID: lvl10000 log in DSMS.
Jun 16, 2016 4:47:09 PM Client_Side.ManagerClients main
INFO: Manager Exit the DSMS
Jun 16, 2016 5:51:27 PM Client_Side.ManagerClients main
INFO: ManagerID: lvl10000 log in DSMS.
Jun 16, 2016 5:51:29 PM Client_Side.ManagerClients main
INFO: Manager Choose Get Record Counts.
Jun 16, 2016 5:51:31 PM Client_Side.ManagerClients main
INFO: Get Record Counts: 
LVL DR: 0
MTL DR: 2
DDO DR: 1

Jun 16, 2016 5:51:58 PM Client_Side.ManagerClients main
INFO: Manager Choose Creat Doctor Record.
Jun 16, 2016 5:52:08 PM Client_Side.ManagerClients main
INFO: Manager Creat Doctor Record Succeed!
Doctor Record Buid Succeed !
RecordID: DR10000
First Name: dong
Last Name: chen
Address: lval
Phone: 123123
specialization: abc
location: lvl

Jun 16, 2016 5:52:10 PM Client_Side.ManagerClients main
INFO: Manager Choose Get Record Counts.
Jun 16, 2016 5:52:11 PM Client_Side.ManagerClients main
INFO: Get Record Counts: 
LVL DR: 1
MTL DR: 2
DDO DR: 1

Jun 16, 2016 5:52:22 PM Client_Side.ManagerClients main
INFO: Manager Choose Transfer Record.
Jun 16, 2016 5:52:37 PM Client_Side.ManagerClients main
INFO: Manager Transfer Record Succeed!
Transfer doctor record success.
Jun 16, 2016 5:52:40 PM Client_Side.ManagerClients main
INFO: Manager Choose Get Record Counts.
Jun 16, 2016 5:52:40 PM Client_Side.ManagerClients main
INFO: Get Record Counts: 
LVL DR: 0
MTL DR: 3
DDO DR: 1

Jun 16, 2016 5:52:53 PM Client_Side.ManagerClients main
INFO: Manager Choose Creat Doctor Record.
Jun 16, 2016 5:53:10 PM Client_Side.ManagerClients main
INFO: Manager Creat Doctor Record Succeed!
Doctor Record Buid Succeed !
RecordID: DR10001
First Name: abc
Last Name: che
Address: ddo
Phone: 123123
specialization: abc
location: lvl

Jun 16, 2016 5:53:15 PM Client_Side.ManagerClients main
INFO: Manager Choose Get Record Counts.
Jun 16, 2016 5:53:16 PM Client_Side.ManagerClients main
INFO: Get Record Counts: 
LVL DR: 1
MTL DR: 3
DDO DR: 1

Jun 16, 2016 5:53:26 PM Client_Side.ManagerClients main
INFO: Manager Choose Transfer Record.
Jun 16, 2016 5:53:30 PM Client_Side.ManagerClients main
INFO: Manager Transfer Record Succeed!
Transfer doctor record success.
Jun 16, 2016 5:53:33 PM Client_Side.ManagerClients main
INFO: Manager Choose Get Record Counts.
Jun 16, 2016 5:53:34 PM Client_Side.ManagerClients main
INFO: Get Record Counts: 
LVL DR: 0
MTL DR: 3
DDO DR: 2

Jun 16, 2016 5:53:50 PM Client_Side.ManagerClients main
INFO: Manager Exit the DSMS
